<?xml version="1.0" encoding="UTF-8"?>
<!-- Generated by org.testng.reporters.JUnitReportReporter -->
<testsuite hostname="DESKTOP-IPNI0DB" failures="0" tests="2" name="com.crm.vtiger.InvocationCount1" time="0.026" errors="0" timestamp="2022-06-18T21:24:37 IST" skipped="0">
  <testcase classname="com.crm.vtiger.InvocationCount1" name="test" time="0.013"/>
  <system-out>
    <![CDATA[hello invocation]]>
  </system-out>
  <testcase classname="com.crm.vtiger.InvocationCount1" name="test" time="0.013"/>
  <system-out>
    <![CDATA[hello invocation]]>
  </system-out>
</testsuite> <!-- com.crm.vtiger.InvocationCount1 -->
