<?xml version="1.0" encoding="UTF-8"?>
<!-- Generated by org.testng.reporters.JUnitReportReporter -->
<testsuite hostname="DESKTOP-IPNI0DB" failures="0" tests="1" name="com.crm.createAndVerifyContacts.ToCreateAndVerifyContactsTest" time="27.186" errors="0" timestamp="2022-06-29T22:46:30 IST" skipped="0">
  <testcase classname="com.crm.createAndVerifyContacts.ToCreateAndVerifyContactsTest" name="toCreateAndVerifyContactsTest" time="27.186"/>
  <system-out/>
</testsuite> <!-- com.crm.createAndVerifyContacts.ToCreateAndVerifyContactsTest -->
