<?xml version="1.0" encoding="UTF-8"?>
<!-- Generated by org.testng.reporters.JUnitReportReporter -->
<testsuite hostname="DESKTOP-IPNI0DB" failures="0" tests="1" name="com.crm.purchaseOrder.ToCreateAndVerifyPurchaseOrderWithCreatedStausTest" time="37.306" errors="0" timestamp="2022-06-20T16:09:56 IST" skipped="0">
  <testcase classname="com.crm.purchaseOrder.ToCreateAndVerifyPurchaseOrderWithCreatedStausTest" name="tocreateAndVerifyPurchaseOrderWithCreatedStatusTest" time="37.306"/>
  <system-out/>
</testsuite> <!-- com.crm.purchaseOrder.ToCreateAndVerifyPurchaseOrderWithCreatedStausTest -->
