<?xml version="1.0" encoding="UTF-8"?>
<!-- Generated by org.testng.reporters.JUnitReportReporter -->
<testsuite hostname="DESKTOP-IPNI0DB" failures="0" tests="6" name="com.crm.testNg.AnimalTest" time="0.029" errors="0" timestamp="2022-06-14T11:20:16 IST" skipped="0">
  <testcase classname="com.crm.testNg.AnimalTest" name="dogTest" time="0.013"/>
  <system-out>
    <![CDATA[medium]]>
  </system-out>
  <testcase classname="com.crm.testNg.AnimalTest" name="dogTest" time="0.002"/>
  <system-out>
    <![CDATA[medium]]>
  </system-out>
  <testcase classname="com.crm.testNg.AnimalTest" name="ratTest" time="0.002"/>
  <system-out/>
  <testcase classname="com.crm.testNg.AnimalTest" name="ratTest" time="0.003"/>
  <system-out/>
  <testcase classname="com.crm.testNg.AnimalTest" name="ratTest" time="0.003"/>
  <system-out/>
  <testcase classname="com.crm.testNg.AnimalTest" name="ratTest" time="0.006"/>
  <system-out/>
</testsuite> <!-- com.crm.testNg.AnimalTest -->
