<?xml version="1.0" encoding="UTF-8"?>
<!-- Generated by org.testng.reporters.JUnitReportReporter -->
<testsuite hostname="DESKTOP-IPNI0DB" failures="0" tests="3" name="com.crm.testNg.BookBusTicket" time="0.026" errors="0" timestamp="2022-06-14T13:18:01 IST" skipped="0">
  <testcase classname="com.crm.testNg.BookBusTicket" name="bookTicket" time="0.013"/>
  <system-out/>
  <testcase classname="com.crm.testNg.BookBusTicket" name="bookTicket" time="0.009"/>
  <system-out/>
  <testcase classname="com.crm.testNg.BookBusTicket" name="bookTicket" time="0.004"/>
  <system-out/>
</testsuite> <!-- com.crm.testNg.BookBusTicket -->
