<?xml version="1.0" encoding="UTF-8"?>
<!-- Generated by org.testng.reporters.JUnitReportReporter -->
<testsuite hostname="DESKTOP-IPNI0DB" failures="0" tests="1" name="com.crm.purchaseOrder.ToCreateAndVerifyPurchaseOrderWithReceivedshipmentStatusTest" time="39.083" errors="0" timestamp="2022-06-21T11:45:07 IST" skipped="0">
  <testcase classname="com.crm.purchaseOrder.ToCreateAndVerifyPurchaseOrderWithReceivedshipmentStatusTest" name="createAndVerifyPurchaseOrderWithReceivedshipmentStatusTest" time="39.083"/>
  <system-out/>
</testsuite> <!-- com.crm.purchaseOrder.ToCreateAndVerifyPurchaseOrderWithReceivedshipmentStatusTest -->
