<?xml version="1.0" encoding="UTF-8"?>
<!-- Generated by org.testng.reporters.JUnitReportReporter -->
<testsuite hostname="DESKTOP-IPNI0DB" failures="0" tests="1" name="com.crm.createAndVerifyContacts.ToCreateAndVerifyContactsTest" time="18.914" errors="0" timestamp="2022-06-24T15:18:32 IST" skipped="0">
  <testcase classname="com.crm.createAndVerifyContacts.ToCreateAndVerifyContactsTest" name="toCreateAndVerifyContactsTest" time="18.914"/>
  <system-out/>
</testsuite> <!-- com.crm.createAndVerifyContacts.ToCreateAndVerifyContactsTest -->
