<?xml version="1.0" encoding="UTF-8"?>
<!-- Generated by org.testng.reporters.JUnitReportReporter -->
<testsuite hostname="DESKTOP-IPNI0DB" failures="0" tests="1" name="com.crm.createAndVerifyProducts.CreateAndVerifyProductsTest" time="19.691" errors="0" timestamp="2022-06-20T16:04:02 IST" skipped="0">
  <testcase classname="com.crm.createAndVerifyProducts.CreateAndVerifyProductsTest" name="createAndVerifyProductsTest" time="19.691"/>
  <system-out/>
</testsuite> <!-- com.crm.createAndVerifyProducts.CreateAndVerifyProductsTest -->
