<?xml version="1.0" encoding="UTF-8"?>
<!-- Generated by org.testng.reporters.JUnitReportReporter -->
<testsuite hostname="DESKTOP-IPNI0DB" failures="0" tests="1" name="com.crm.purchaseOrder.ToCreateAndVerifyPurchaseOrderWithDeliveredStatusTest" time="38.107" errors="0" timestamp="2022-06-20T16:16:14 IST" skipped="0">
  <testcase classname="com.crm.purchaseOrder.ToCreateAndVerifyPurchaseOrderWithDeliveredStatusTest" name="createAndVerifyPurchaseOrderWithDeliveredStatusTest" time="38.107"/>
  <system-out/>
</testsuite> <!-- com.crm.purchaseOrder.ToCreateAndVerifyPurchaseOrderWithDeliveredStatusTest -->
