<?xml version="1.0" encoding="UTF-8"?>
<!-- Generated by org.testng.reporters.JUnitReportReporter -->
<testsuite hostname="DESKTOP-IPNI0DB" failures="0" tests="1" name="com.crm.createAndVerifyContacts.ToCreateAndVerifyContactsWithOrgansiationTest" time="35.107" errors="0" timestamp="2022-06-20T16:02:32 IST" skipped="0">
  <testcase classname="com.crm.createAndVerifyContacts.ToCreateAndVerifyContactsWithOrgansiationTest" name="toCreateAndVerifyContactsWithOrgansiationTest" time="35.107"/>
  <system-out/>
</testsuite> <!-- com.crm.createAndVerifyContacts.ToCreateAndVerifyContactsWithOrgansiationTest -->
