<?xml version="1.0" encoding="UTF-8"?>
<!-- Generated by org.testng.reporters.JUnitReportReporter -->
<testsuite hostname="DESKTOP-IPNI0DB" failures="0" tests="1" name="com.crm.purchaseOrder.ToCreateAndVerifyPurchaseOrderWithCancelledStatusTest" time="36.205" errors="0" timestamp="2022-06-20T16:08:39 IST" skipped="0">
  <testcase classname="com.crm.purchaseOrder.ToCreateAndVerifyPurchaseOrderWithCancelledStatusTest" name="toCreateAndVerifyPurchaseOrderWithCancelledStatusTest" time="36.205"/>
  <system-out/>
</testsuite> <!-- com.crm.purchaseOrder.ToCreateAndVerifyPurchaseOrderWithCancelledStatusTest -->
