<?xml version="1.0" encoding="UTF-8"?>
<!-- Generated by org.testng.reporters.JUnitReportReporter -->
<testsuite hostname="DESKTOP-IPNI0DB" failures="0" tests="1" name="com.crm.purchaseOrder.ToCreateAndVerifyPurchaseOrderAndSelectUserRadioButtonTest" time="42.231" errors="0" timestamp="2022-06-20T16:05:12 IST" skipped="0">
  <testcase classname="com.crm.purchaseOrder.ToCreateAndVerifyPurchaseOrderAndSelectUserRadioButtonTest" name="toCreateAndVerifyPurchaseOrderAndSelectUserRadioButtonTest" time="42.231"/>
  <system-out/>
</testsuite> <!-- com.crm.purchaseOrder.ToCreateAndVerifyPurchaseOrderAndSelectUserRadioButtonTest -->
