<?xml version="1.0" encoding="UTF-8"?>
<!-- Generated by org.testng.reporters.JUnitReportReporter -->
<testsuite hostname="DESKTOP-IPNI0DB" failures="0" tests="1" name="com.crm.createAndVerifyOrganization.CreateAndVerifyOrganizationTest" time="16.571" errors="0" timestamp="2022-06-20T16:03:12 IST" skipped="0">
  <testcase classname="com.crm.createAndVerifyOrganization.CreateAndVerifyOrganizationTest" name="createAndVerifyOrganizationTest" time="16.571"/>
  <system-out/>
</testsuite> <!-- com.crm.createAndVerifyOrganization.CreateAndVerifyOrganizationTest -->
